digraph Tree {
node [shape=box, style="filled", color="black"] ;
0 [label=<Account Balance &le; 3.5<br/>gini = 0.5<br/>samples = 980<br/>value = [491, 489]<br/>class = 0>, fillcolor="#e5813901"] ;
1 [label=<Duration of Credit (month) &le; 11.5<br/>gini = 0.4701<br/>samples = 667<br/>value = [415, 252]<br/>class = 0>, fillcolor="#e5813964"] ;
0 -> 1 [labeldistance=2.5, labelangle=45, headlabel="True"] ;
2 [label=<Occupation &le; 3.5<br/>gini = 0.4722<br/>samples = 89<br/>value = [34, 55]<br/>class = 1>, fillcolor="#399de561"] ;
1 -> 2 ;
3 [label=<Age (years) &le; 30.5<br/>gini = 0.3856<br/>samples = 69<br/>value = [18, 51]<br/>class = 1>, fillcolor="#399de5a5"] ;
2 -> 3 ;
4 [label=<gini = 0.4994<br/>samples = 29<br/>value = [15, 14]<br/>class = 0>, fillcolor="#e5813911"] ;
3 -> 4 ;
5 [label=<gini = 0.1388<br/>samples = 40<br/>value = [3, 37]<br/>class = 1>, fillcolor="#399de5ea"] ;
3 -> 5 ;
6 [label=<Instalment per cent &le; 3.5<br/>gini = 0.32<br/>samples = 20<br/>value = [16, 4]<br/>class = 0>, fillcolor="#e58139bf"] ;
2 -> 6 ;
7 [label=<gini = 0.0<br/>samples = 11<br/>value = [11, 0]<br/>class = 0>, fillcolor="#e58139ff"] ;
6 -> 7 ;
8 [label=<gini = 0.4938<br/>samples = 9<br/>value = [5, 4]<br/>class = 0>, fillcolor="#e5813933"] ;
6 -> 8 ;
9 [label=<Value Savings/Stocks &le; 2.5<br/>gini = 0.4493<br/>samples = 578<br/>value = [381, 197]<br/>class = 0>, fillcolor="#e581397b"] ;
1 -> 9 ;
10 [label=<Payment Status of Previous Credit &le; 1.5<br/>gini = 0.4186<br/>samples = 476<br/>value = [334, 142]<br/>class = 0>, fillcolor="#e5813993"] ;
9 -> 10 ;
11 [label=<gini = 0.2088<br/>samples = 76<br/>value = [67, 9]<br/>class = 0>, fillcolor="#e58139dd"] ;
10 -> 11 ;
12 [label=<gini = 0.4439<br/>samples = 400<br/>value = [267, 133]<br/>class = 0>, fillcolor="#e5813980"] ;
10 -> 12 ;
13 [label=<Credit Amount &le; 1402.5<br/>gini = 0.4969<br/>samples = 102<br/>value = [47, 55]<br/>class = 1>, fillcolor="#399de525"] ;
9 -> 13 ;
14 [label=<gini = 0.3911<br/>samples = 30<br/>value = [22, 8]<br/>class = 0>, fillcolor="#e58139a2"] ;
13 -> 14 ;
15 [label=<gini = 0.4533<br/>samples = 72<br/>value = [25, 47]<br/>class = 1>, fillcolor="#399de577"] ;
13 -> 15 ;
16 [label=<Length of current employment &le; 3.5<br/>gini = 0.3677<br/>samples = 313<br/>value = [76, 237]<br/>class = 1>, fillcolor="#399de5ad"] ;
0 -> 16 [labeldistance=2.5, labelangle=-45, headlabel="False"] ;
17 [label=<Credit Amount &le; 3888.5<br/>gini = 0.4529<br/>samples = 176<br/>value = [61, 115]<br/>class = 1>, fillcolor="#399de578"] ;
16 -> 17 ;
18 [label=<Guarantors &le; 1.5<br/>gini = 0.3557<br/>samples = 121<br/>value = [28, 93]<br/>class = 1>, fillcolor="#399de5b2"] ;
17 -> 18 ;
19 [label=<gini = 0.2798<br/>samples = 107<br/>value = [18, 89]<br/>class = 1>, fillcolor="#399de5cb"] ;
18 -> 19 ;
20 [label=<gini = 0.4082<br/>samples = 14<br/>value = [10, 4]<br/>class = 0>, fillcolor="#e5813999"] ;
18 -> 20 ;
21 [label=<Purpose &le; 7.5<br/>gini = 0.48<br/>samples = 55<br/>value = [33, 22]<br/>class = 0>, fillcolor="#e5813955"] ;
17 -> 21 ;
22 [label=<gini = 0.4996<br/>samples = 37<br/>value = [18, 19]<br/>class = 1>, fillcolor="#399de50d"] ;
21 -> 22 ;
23 [label=<gini = 0.2778<br/>samples = 18<br/>value = [15, 3]<br/>class = 0>, fillcolor="#e58139cc"] ;
21 -> 23 ;
24 [label=<Concurrent Credits &le; 1.5<br/>gini = 0.195<br/>samples = 137<br/>value = [15, 122]<br/>class = 1>, fillcolor="#399de5e0"] ;
16 -> 24 ;
25 [label=<No of Credits at this Bank &le; 1.5<br/>gini = 0.426<br/>samples = 26<br/>value = [8, 18]<br/>class = 1>, fillcolor="#399de58e"] ;
24 -> 25 ;
26 [label=<gini = 0.0<br/>samples = 12<br/>value = [0, 12]<br/>class = 1>, fillcolor="#399de5ff"] ;
25 -> 26 ;
27 [label=<gini = 0.4898<br/>samples = 14<br/>value = [8, 6]<br/>class = 0>, fillcolor="#e5813940"] ;
25 -> 27 ;
28 [label=<Age (years) &le; 22.5<br/>gini = 0.1182<br/>samples = 111<br/>value = [7, 104]<br/>class = 1>, fillcolor="#399de5ee"] ;
24 -> 28 ;
29 [label=<gini = 0.4444<br/>samples = 3<br/>value = [2, 1]<br/>class = 0>, fillcolor="#e581397f"] ;
28 -> 29 ;
30 [label=<gini = 0.0883<br/>samples = 108<br/>value = [5, 103]<br/>class = 1>, fillcolor="#399de5f3"] ;
28 -> 30 ;
}